<?xml version="1.0" encoding="utf-8"?><testsuites name="pytest tests"><testsuite name="pytest" errors="0" failures="0" skipped="0" tests="11" time="5.957" timestamp="2026-02-19T12:25:21.249147+00:00" hostname="agent-env-1adf4205-b371-4526-9756-9cd44c0a6caa"><testcase classname="backend.tests.test_new_features.TestHealthAndAuth" name="test_health_endpoint" time="0.232" /><testcase classname="backend.tests.test_new_features.TestHealthAndAuth" name="test_login_success" time="0.383" /><testcase classname="backend.tests.test_new_features.TestCalcServicesPublic" name="test_calc_services_public_endpoint" time="0.150" /><testcase classname="backend.tests.test_new_features.TestPDFGeneration" name="test_generate_pdf_endpoint" time="0.840" /><testcase classname="backend.tests.test_new_features.TestSiteBlocks" name="test_list_site_blocks" time="0.465" /><testcase classname="backend.tests.test_new_features.TestSiteBlocks" name="test_fetch_from_site" time="0.669" /><testcase classname="backend.tests.test_new_features.TestSiteBlocks" name="test_create_site_block" time="0.568" /><testcase classname="backend.tests.test_new_features.TestSiteBlocks" name="test_import_blocks" time="0.469" /><testcase classname="backend.tests.test_new_features.TestSiteBlocks" name="test_reorder_blocks" time="0.695" /><testcase classname="backend.tests.test_new_features.TestLeadsWithCalcData" name="test_lead_with_calc_data" time="0.738" /><testcase classname="backend.tests.test_new_features.TestFileUpload" name="test_upload_image" time="0.573" /></testsuite></testsuites>